<?xml version="1.0" encoding="UTF-8"?>
<!-- Generated by org.testng.reporters.JUnitReportReporter -->
<testsuite skipped="0" hostname="DESKTOP-86FLBFU" name="week8.day1.CreateLead" tests="3" failures="0" timestamp="12 Aug 2018 02:48:15 GMT" time="81.410" errors="0">
  <testcase name="createLead" time="24.541" classname="week8.day1.CreateLead"/>
  <testcase name="createLead" time="34.183" classname="week8.day1.CreateLead"/>
  <testcase name="createLead" time="22.686" classname="week8.day1.CreateLead"/>
</testsuite> <!-- week8.day1.CreateLead -->
